# JRE version: Java(TM) SE Runtime Environment (8.0_112-b15) (build 1.8.0_112-b15)
# Java VM: Java HotSpot(TM) 64-Bit Server VM (25.112-b15 mixed mode linux-amd64 compressed oops)
Heap:
 PSYoungGen      total 75776K, used 47349K [0x000000076ab00000, 0x000000076fc80000, 0x00000007c0000000)
  eden space 67584K, 64% used [0x000000076ab00000,0x000000076d54c990,0x000000076ed00000)
  from space 8192K, 49% used [0x000000076ed00000,0x000000076f0f0e40,0x000000076f500000)
  to   space 7680K, 0% used [0x000000076f500000,0x000000076f500000,0x000000076fc80000)
 ParOldGen       total 124928K, used 58541K [0x00000006c0000000, 0x00000006c7a00000, 0x000000076ab00000)
  object space 124928K, 46% used [0x00000006c0000000,0x00000006c392b680,0x00000006c7a00000)
 Metaspace       used 91707K, capacity 99958K, committed 100044K, reserved 1136640K
  class space    used 10650K, capacity 13011K, committed 13056K, reserved 1048576K
GC Heap History (10 events):
Event: 8164,627 GC heap before
{Heap before GC invocations=69 (full 4):
 PSYoungGen      total 74752K, used 70867K [0x000000076ab00000, 0x000000076fc00000, 0x00000007c0000000)
  eden space 66560K, 100% used [0x000000076ab00000,0x000000076ec00000,0x000000076ec00000)
  from space 8192K, 52% used [0x000000076f400000,0x000000076f834e30,0x000000076fc00000)
  to   space 8192K, 0% used [0x000000076ec00000,0x000000076ec00000,0x000000076f400000)
 ParOldGen       total 124928K, used 58149K [0x00000006c0000000, 0x00000006c7a00000, 0x000000076ab00000)
  object space 124928K, 46% used [0x00000006c0000000,0x00000006c38c9680,0x00000006c7a00000)
 Metaspace       used 91229K, capacity 99442K, committed 99788K, reserved 1136640K
  class space    used 10620K, capacity 12971K, committed 13056K, reserved 1048576K
Event: 8164,631 GC heap after
Heap after GC invocations=69 (full 4):
 PSYoungGen      total 74752K, used 3971K [0x000000076ab00000, 0x000000076fc80000, 0x00000007c0000000)
  eden space 66560K, 0% used [0x000000076ab00000,0x000000076ab00000,0x000000076ec00000)
  from space 8192K, 48% used [0x000000076ec00000,0x000000076efe0e40,0x000000076f400000)
  to   space 8192K, 0% used [0x000000076f480000,0x000000076f480000,0x000000076fc80000)
 ParOldGen       total 124928K, used 58229K [0x00000006c0000000, 0x00000006c7a00000, 0x000000076ab00000)
  object space 124928K, 46% used [0x00000006c0000000,0x00000006c38dd680,0x00000006c7a00000)
 Metaspace       used 91229K, capacity 99442K, committed 99788K, reserved 1136640K
  class space    used 10620K, capacity 12971K, committed 13056K, reserved 1048576K
}
Event: 8260,331 GC heap before
{Heap before GC invocations=70 (full 4):
 PSYoungGen      total 74752K, used 70531K [0x000000076ab00000, 0x000000076fc80000, 0x00000007c0000000)
  eden space 66560K, 100% used [0x000000076ab00000,0x000000076ec00000,0x000000076ec00000)
  from space 8192K, 48% used [0x000000076ec00000,0x000000076efe0e40,0x000000076f400000)
  to   space 8192K, 0% used [0x000000076f480000,0x000000076f480000,0x000000076fc80000)
 ParOldGen       total 124928K, used 58229K [0x00000006c0000000, 0x00000006c7a00000, 0x000000076ab00000)
  object space 124928K, 46% used [0x00000006c0000000,0x00000006c38dd680,0x00000006c7a00000)
 Metaspace       used 91324K, capacity 99574K, committed 99788K, reserved 1136640K
  class space    used 10620K, capacity 12971K, committed 13056K, reserved 1048576K
Event: 8260,338 GC heap after
Heap after GC invocations=70 (full 4):
 PSYoungGen      total 75264K, used 4163K [0x000000076ab00000, 0x000000076fc80000, 0x00000007c0000000)
  eden space 67072K, 0% used [0x000000076ab00000,0x000000076ab00000,0x000000076ec80000)
  from space 8192K, 50% used [0x000000076f480000,0x000000076f890e40,0x000000076fc80000)
  to   space 8192K, 0% used [0x000000076ec80000,0x000000076ec80000,0x000000076f480000)
 ParOldGen       total 124928K, used 58325K [0x00000006c0000000, 0x00000006c7a00000, 0x000000076ab00000)
  object space 124928K, 46% used [0x00000006c0000000,0x00000006c38f5680,0x00000006c7a00000)
 Metaspace       used 91324K, capacity 99574K, committed 99788K, reserved 1136640K
  class space    used 10620K, capacity 12971K, committed 13056K, reserved 1048576K
}
Event: 8539,196 GC heap before
{Heap before GC invocations=71 (full 4):
 PSYoungGen      total 75264K, used 71235K [0x000000076ab00000, 0x000000076fc80000, 0x00000007c0000000)
  eden space 67072K, 100% used [0x000000076ab00000,0x000000076ec80000,0x000000076ec80000)
  from space 8192K, 50% used [0x000000076f480000,0x000000076f890e40,0x000000076fc80000)
  to   space 8192K, 0% used [0x000000076ec80000,0x000000076ec80000,0x000000076f480000)
 ParOldGen       total 124928K, used 58325K [0x00000006c0000000, 0x00000006c7a00000, 0x000000076ab00000)
  object space 124928K, 46% used [0x00000006c0000000,0x00000006c38f5680,0x00000006c7a00000)
 Metaspace       used 91356K, capacity 99574K, committed 99788K, reserved 1136640K
  class space    used 10620K, capacity 12971K, committed 13056K, reserved 1048576K
Event: 8539,200 GC heap after
Heap after GC invocations=71 (full 4):
 PSYoungGen      total 75264K, used 4227K [0x000000076ab00000, 0x000000076fd00000, 0x00000007c0000000)
  eden space 67072K, 0% used [0x000000076ab00000,0x000000076ab00000,0x000000076ec80000)
  from space 8192K, 51% used [0x000000076ec80000,0x000000076f0a0e60,0x000000076f480000)
  to   space 8192K, 0% used [0x000000076f500000,0x000000076f500000,0x000000076fd00000)
 ParOldGen       total 124928K, used 58381K [0x00000006c0000000, 0x00000006c7a00000, 0x000000076ab00000)
  object space 124928K, 46% used [0x00000006c0000000,0x00000006c3903680,0x00000006c7a00000)
 Metaspace       used 91356K, capacity 99574K, committed 99788K, reserved 1136640K
  class space    used 10620K, capacity 12971K, committed 13056K, reserved 1048576K
}
Event: 8608,599 GC heap before
{Heap before GC invocations=72 (full 4):
 PSYoungGen      total 75264K, used 71299K [0x000000076ab00000, 0x000000076fd00000, 0x00000007c0000000)
  eden space 67072K, 100% used [0x000000076ab00000,0x000000076ec80000,0x000000076ec80000)
  from space 8192K, 51% used [0x000000076ec80000,0x000000076f0a0e60,0x000000076f480000)
  to   space 8192K, 0% used [0x000000076f500000,0x000000076f500000,0x000000076fd00000)
 ParOldGen       total 124928K, used 58381K [0x00000006c0000000, 0x00000006c7a00000, 0x000000076ab00000)
  object space 124928K, 46% used [0x00000006c0000000,0x00000006c3903680,0x00000006c7a00000)
 Metaspace       used 91394K, capacity 99574K, committed 99788K, reserved 1136640K
  class space    used 10620K, capacity 12971K, committed 13056K, reserved 1048576K
Event: 8608,606 GC heap after
Heap after GC invocations=72 (full 4):
 PSYoungGen      total 75776K, used 4131K [0x000000076ab00000, 0x000000076fd00000, 0x00000007c0000000)
  eden space 67584K, 0% used [0x000000076ab00000,0x000000076ab00000,0x000000076ed00000)
  from space 8192K, 50% used [0x000000076f500000,0x000000076f908e40,0x000000076fd00000)
  to   space 8192K, 0% used [0x000000076ed00000,0x000000076ed00000,0x000000076f500000)
 ParOldGen       total 124928K, used 58469K [0x00000006c0000000, 0x00000006c7a00000, 0x000000076ab00000)
  object space 124928K, 46% used [0x00000006c0000000,0x00000006c3919680,0x00000006c7a00000)
 Metaspace       used 91394K, capacity 99574K, committed 99788K, reserved 1136640K
  class space    used 10620K, capacity 12971K, committed 13056K, reserved 1048576K
}
Event: 8643,165 GC heap before
{Heap before GC invocations=73 (full 4):
 PSYoungGen      total 75776K, used 71715K [0x000000076ab00000, 0x000000076fd00000, 0x00000007c0000000)
  eden space 67584K, 100% used [0x000000076ab00000,0x000000076ed00000,0x000000076ed00000)
  from space 8192K, 50% used [0x000000076f500000,0x000000076f908e40,0x000000076fd00000)
  to   space 8192K, 0% used [0x000000076ed00000,0x000000076ed00000,0x000000076f500000)
 ParOldGen       total 124928K, used 58469K [0x00000006c0000000, 0x00000006c7a00000, 0x000000076ab00000)
  object space 124928K, 46% used [0x00000006c0000000,0x00000006c3919680,0x00000006c7a00000)
 Metaspace       used 91409K, capacity 99638K, committed 99788K, reserved 1136640K
  class space    used 10621K, capacity 12971K, committed 13056K, reserved 1048576K
Event: 8643,168 GC heap after
Heap after GC invocations=73 (full 4):
 PSYoungGen      total 75776K, used 4035K [0x000000076ab00000, 0x000000076fc80000, 0x00000007c0000000)
  eden space 67584K, 0% used [0x000000076ab00000,0x000000076ab00000,0x000000076ed00000)
  from space 8192K, 49% used [0x000000076ed00000,0x000000076f0f0e40,0x000000076f500000)
  to   space 7680K, 0% used [0x000000076f500000,0x000000076f500000,0x000000076fc80000)
 ParOldGen       total 124928K, used 58541K [0x00000006c0000000, 0x00000006c7a00000, 0x000000076ab00000)
  object space 124928K, 46% used [0x00000006c0000000,0x00000006c392b680,0x00000006c7a00000)
 Metaspace       used 91409K, capacity 99638K, committed 99788K, reserved 1136640K
  class space    used 10621K, capacity 12971K, committed 13056K, reserved 1048576K
}

